<?xml version="1.0" encoding="UTF-8"?>
<testsuite name="TaskTest" tests="3" skipped="0" failures="0" errors="0" timestamp="2024-04-11T08:51:04" hostname="DESKTOP-A97GDF4" time="0.01">
  <properties/>
  <testcase name="testDisplayGrid1" classname="TaskTest" time="0.009"/>
  <testcase name="testDisplayGrid2" classname="TaskTest" time="0.0"/>
  <testcase name="testDisplayGrid3" classname="TaskTest" time="0.001"/>
  <system-out><![CDATA[]]></system-out>
  <system-err><![CDATA[]]></system-err>
</testsuite>
