<?xml version="1.0" encoding="UTF-8"?>
<testsuite name="TaskTest" tests="1" skipped="0" failures="0" errors="0" timestamp="2024-04-11T08:50:16" hostname="DESKTOP-A97GDF4" time="0.002">
  <properties/>
  <testcase name="test" classname="TaskTest" time="0.002"/>
  <system-out><![CDATA[]]></system-out>
  <system-err><![CDATA[]]></system-err>
</testsuite>
